{"timestamp": "2026-02-12T12:07:53.027697", "event": "status_change", "candidate_id": "09572249-f2ef-4670-b1c1-c84afaf01b87", "from": "PENDING", "to": "TOP_SECRET_REVIEW", "actor": "M"}
{"timestamp": "2026-02-12T12:07:53.029770", "event": "status_change", "candidate_id": "09572249-f2ef-4670-b1c1-c84afaf01b87", "from": "TOP_SECRET_REVIEW", "to": "ACCEPTED", "actor": "M"}
{"timestamp": "2026-02-12T12:07:53.029770", "event": "status_change", "candidate_id": "09572249-f2ef-4670-b1c1-c84afaf01b87", "from": "UNDER_REVIEW", "to": "INVITE", "actor": "M_PUBLIC"}
{"timestamp": "2026-02-12T12:08:11.582676", "event": "status_change", "candidate_id": "d4f5e56a-2486-48bb-9b57-6298e0befb84", "from": "PENDING", "to": "TOP_SECRET_REVIEW", "actor": "M"}
{"timestamp": "2026-02-12T12:08:11.585191", "event": "status_change", "candidate_id": "d4f5e56a-2486-48bb-9b57-6298e0befb84", "from": "TOP_SECRET_REVIEW", "to": "ACCEPTED", "actor": "M"}
{"timestamp": "2026-02-12T12:08:11.586699", "event": "status_change", "candidate_id": "d4f5e56a-2486-48bb-9b57-6298e0befb84", "from": "UNDER_REVIEW", "to": "INVITE", "actor": "M_PUBLIC"}
{"timestamp": "2026-02-12T12:08:12.096405", "event": "notification_sent", "candidate_id": "d4f5e56a-2486-48bb-9b57-6298e0befb84", "channel": "EMAIL", "target_status": "INVITE", "result": "SUCCESS"}
{"timestamp": "2026-02-12T12:10:39.080233", "event": "status_change", "candidate_id": "c7f9c294-4fd7-4869-802e-7343717d593b", "from": "PENDING", "to": "TOP_SECRET_REVIEW", "actor": "M"}
{"timestamp": "2026-02-12T12:10:39.083626", "event": "status_change", "candidate_id": "c7f9c294-4fd7-4869-802e-7343717d593b", "from": "TOP_SECRET_REVIEW", "to": "ACCEPTED", "actor": "M"}
{"timestamp": "2026-02-12T12:10:39.088048", "event": "status_change", "candidate_id": "c7f9c294-4fd7-4869-802e-7343717d593b", "from": "UNDER_REVIEW", "to": "INVITE", "actor": "M_PUBLIC"}
{"timestamp": "2026-02-12T12:10:39.610114", "event": "notification_sent", "candidate_id": "c7f9c294-4fd7-4869-802e-7343717d593b", "channel": "EMAIL", "target_status": "INVITE", "result": "SUCCESS"}
{"timestamp": "2026-02-12T12:49:59.322906", "event": "status_change", "candidate_id": "3e6af9ee-a0ca-4518-a9e0-79cf515d79f8", "from": "PENDING", "to": "TECH_REVIEW_PASSED", "actor": "ADMIN"}
{"timestamp": "2026-02-12T12:50:26.059688", "event": "status_change", "candidate_id": "3e6af9ee-a0ca-4518-a9e0-79cf515d79f8", "from": "TECH_REVIEW_PASSED", "to": "HIRED", "actor": "ADMIN"}
{"timestamp": "2026-02-12T12:50:26.065478", "event": "status_change", "candidate_id": "3e6af9ee-a0ca-4518-a9e0-79cf515d79f8", "from": "UNDER_REVIEW", "to": "INVITE", "actor": "ADMIN_PUBLIC"}
{"timestamp": "2026-02-12T12:50:26.596378", "event": "notification_sent", "candidate_id": "3e6af9ee-a0ca-4518-a9e0-79cf515d79f8", "channel": "EMAIL", "target_status": "INVITE", "result": "SUCCESS"}
{"timestamp": "2026-02-12T18:24:39.983356", "event": "status_change", "candidate_id": "92034316-6687-4619-97bc-7feb5fd070ee", "from": "PENDING", "to": "REJECTED", "actor": "ADMIN"}
{"timestamp": "2026-02-12T18:24:39.991871", "event": "status_change", "candidate_id": "92034316-6687-4619-97bc-7feb5fd070ee", "from": "UNDER_REVIEW", "to": "REJECT", "actor": "ADMIN_PUBLIC"}
{"timestamp": "2026-02-12T18:24:40.519920", "event": "notification_sent", "candidate_id": "92034316-6687-4619-97bc-7feb5fd070ee", "channel": "EMAIL", "target_status": "REJECT", "result": "SUCCESS"}
{"timestamp": "2026-02-12T18:30:48.052153", "event": "status_change", "candidate_id": "cb653ec9-79c9-47a3-8ed7-cd74dde2a597", "from": "PENDING", "to": "INVITED", "actor": "ADMIN"}
{"timestamp": "2026-02-12T18:30:48.058480", "event": "status_change", "candidate_id": "cb653ec9-79c9-47a3-8ed7-cd74dde2a597", "from": "UNDER_REVIEW", "to": "INVITE", "actor": "ADMIN_PUBLIC"}
{"timestamp": "2026-02-12T18:30:48.575623", "event": "notification_sent", "candidate_id": "cb653ec9-79c9-47a3-8ed7-cd74dde2a597", "channel": "EMAIL", "target_status": "INVITE", "result": "SUCCESS"}
{"timestamp": "2026-02-12T18:47:27.594034", "event": "status_change", "candidate_id": "14e60836-4070-430b-8ca9-94d13a15892f", "from": "PENDING", "to": "INVITED", "actor": "ADMIN"}
{"timestamp": "2026-02-12T18:47:27.601465", "event": "status_change", "candidate_id": "14e60836-4070-430b-8ca9-94d13a15892f", "from": "UNDER_REVIEW", "to": "INVITE", "actor": "ADMIN_PUBLIC"}
{"timestamp": "2026-02-12T18:47:28.125072", "event": "notification_sent", "candidate_id": "14e60836-4070-430b-8ca9-94d13a15892f", "channel": "EMAIL", "target_status": "INVITE", "result": "SUCCESS"}
{"timestamp": "2026-02-12T18:50:35.380867", "event": "status_change", "candidate_id": "14e60836-4070-430b-8ca9-94d13a15892f", "from": "INVITED", "to": "REJECTED", "actor": "ADMIN"}
{"timestamp": "2026-02-12T18:50:35.386373", "event": "status_change", "candidate_id": "14e60836-4070-430b-8ca9-94d13a15892f", "from": "INVITE", "to": "REJECT", "actor": "ADMIN_PUBLIC"}
{"timestamp": "2026-02-12T18:50:35.899306", "event": "notification_sent", "candidate_id": "14e60836-4070-430b-8ca9-94d13a15892f", "channel": "EMAIL", "target_status": "REJECT", "result": "SUCCESS"}
{"timestamp": "2026-02-12T18:50:39.366566", "event": "status_change", "candidate_id": "14e60836-4070-430b-8ca9-94d13a15892f", "from": "REJECTED", "to": "INVITED", "actor": "ADMIN"}
{"timestamp": "2026-02-12T18:50:39.371647", "event": "status_change", "candidate_id": "14e60836-4070-430b-8ca9-94d13a15892f", "from": "REJECT", "to": "INVITE", "actor": "ADMIN_PUBLIC"}
{"timestamp": "2026-02-12T18:50:39.885898", "event": "notification_sent", "candidate_id": "14e60836-4070-430b-8ca9-94d13a15892f", "channel": "EMAIL", "target_status": "INVITE", "result": "SUCCESS"}
{"timestamp": "2026-02-12T18:50:42.534383", "event": "status_change", "candidate_id": "3fe101f2-df53-4d43-bc77-4259c14adf9b", "from": "PENDING", "to": "REJECTED", "actor": "ADMIN"}
{"timestamp": "2026-02-12T18:50:42.541907", "event": "status_change", "candidate_id": "3fe101f2-df53-4d43-bc77-4259c14adf9b", "from": "UNDER_REVIEW", "to": "REJECT", "actor": "ADMIN_PUBLIC"}
{"timestamp": "2026-02-12T18:50:43.067799", "event": "notification_sent", "candidate_id": "3fe101f2-df53-4d43-bc77-4259c14adf9b", "channel": "EMAIL", "target_status": "REJECT", "result": "SUCCESS"}
{"timestamp": "2026-02-12T19:27:23.793624", "event": "status_change", "candidate_id": "0a7e5187-830a-4ef7-8e4f-8254b4b55c29", "from": "PENDING", "to": "REJECT", "actor": "BOT_1743337357"}
{"timestamp": "2026-02-12T19:27:23.796060", "event": "status_change", "candidate_id": "0a7e5187-830a-4ef7-8e4f-8254b4b55c29", "from": "UNDER_REVIEW", "to": "REJECT", "actor": "BOT_1743337357_PUBLIC"}
{"timestamp": "2026-02-12T19:27:24.303137", "event": "notification_sent", "candidate_id": "0a7e5187-830a-4ef7-8e4f-8254b4b55c29", "channel": "EMAIL", "target_status": "REJECT", "result": "SUCCESS"}
{"timestamp": "2026-02-13T14:41:32.206510", "event": "status_change", "candidate_id": "65b64bed-6452-4401-86a8-26b1f8f94e91", "from": "PENDING", "to": "REJECTED", "actor": "ADMIN"}
{"timestamp": "2026-02-13T14:41:32.207673", "event": "status_change", "candidate_id": "65b64bed-6452-4401-86a8-26b1f8f94e91", "from": "UNDER_REVIEW", "to": "REJECTED", "actor": "ADMIN_PUBLIC"}
{"timestamp": "2026-02-13T14:52:48.820766", "event": "status_change", "candidate_id": "65b64bed-6452-4401-86a8-26b1f8f94e91", "from": "REJECTED", "to": "INVITED", "actor": "ADMIN"}
{"timestamp": "2026-02-13T14:52:48.822392", "event": "status_change", "candidate_id": "65b64bed-6452-4401-86a8-26b1f8f94e91", "from": "REJECTED", "to": "INVITED", "actor": "ADMIN_PUBLIC"}
{"timestamp": "2026-02-13T18:04:58.267315", "event": "status_change", "candidate_id": "d4f9f2c4-bd19-46e8-b052-622b122f92f8", "from": "PENDING", "to": "INVITED", "actor": "ADMIN"}
{"timestamp": "2026-02-13T18:04:58.272610", "event": "status_change", "candidate_id": "d4f9f2c4-bd19-46e8-b052-622b122f92f8", "from": "UNDER_REVIEW", "to": "INVITED", "actor": "ADMIN_PUBLIC"}
{"timestamp": "2026-02-13T18:04:58.799736", "event": "notification_sent", "candidate_id": "d4f9f2c4-bd19-46e8-b052-622b122f92f8", "channel": "EMAIL", "target_status": "INVITED", "result": "SUCCESS"}
{"timestamp": "2026-02-13T18:39:11.872330", "event": "status_change", "candidate_id": "7bdca490-c718-432d-8c2d-0f945b1725b1", "from": "PENDING", "to": "INVITED", "actor": "ADMIN"}
{"timestamp": "2026-02-13T18:39:11.877149", "event": "status_change", "candidate_id": "7bdca490-c718-432d-8c2d-0f945b1725b1", "from": "UNDER_REVIEW", "to": "INVITED", "actor": "ADMIN_PUBLIC"}
{"timestamp": "2026-02-13T18:39:13.971648", "event": "notification_sent", "candidate_id": "7bdca490-c718-432d-8c2d-0f945b1725b1", "channel": "SMS", "target_status": "INVITED", "result": "SUCCESS"}
{"timestamp": "2026-02-13T18:50:09.859844", "event": "status_change", "candidate_id": "7bdca490-c718-432d-8c2d-0f945b1725b1", "from": "INVITED", "to": "INVITED", "actor": "ADMIN"}
{"timestamp": "2026-02-13T19:08:16.705963", "event": "status_change", "candidate_id": "7bdca490-c718-432d-8c2d-0f945b1725b1", "from": "INVITED", "to": "INVITED", "actor": "ADMIN"}
{"timestamp": "2026-02-13T19:09:24.405379", "event": "status_change", "candidate_id": "65b64bed-6452-4401-86a8-26b1f8f94e91", "from": "INVITED", "to": "REJECTED", "actor": "ADMIN"}
{"timestamp": "2026-02-13T19:09:24.409802", "event": "status_change", "candidate_id": "65b64bed-6452-4401-86a8-26b1f8f94e91", "from": "INVITED", "to": "REJECTED", "actor": "ADMIN_PUBLIC"}
{"timestamp": "2026-02-13T19:09:29.470348", "event": "notification_sent", "candidate_id": "65b64bed-6452-4401-86a8-26b1f8f94e91", "channel": "EMAIL", "target_status": "REJECTED", "result": "SUCCESS"}
{"timestamp": "2026-02-13T19:13:41.510722", "event": "status_change", "candidate_id": "8062af24-7176-4ebf-aa86-1c83fb20f924", "from": "PENDING", "to": "INVITED", "actor": "ADMIN"}
{"timestamp": "2026-02-13T19:13:41.516243", "event": "status_change", "candidate_id": "8062af24-7176-4ebf-aa86-1c83fb20f924", "from": "UNDER_REVIEW", "to": "INVITED", "actor": "ADMIN_PUBLIC"}
{"timestamp": "2026-02-13T19:13:43.749711", "event": "notification_sent", "candidate_id": "8062af24-7176-4ebf-aa86-1c83fb20f924", "channel": "EMAIL", "target_status": "INVITED", "result": "SUCCESS"}
{"timestamp": "2026-02-13T19:58:23.753525", "event": "status_change", "candidate_id": "7d447d0f-93d0-48eb-a786-d56c51307b81", "from": "PENDING", "to": "INVITE", "actor": "BOT_1743337357"}
{"timestamp": "2026-02-13T19:58:23.755471", "event": "status_change", "candidate_id": "7d447d0f-93d0-48eb-a786-d56c51307b81", "from": "UNDER_REVIEW", "to": "INVITE", "actor": "BOT_1743337357_PUBLIC"}
{"timestamp": "2026-02-13T19:58:27.164808", "event": "notification_sent", "candidate_id": "7d447d0f-93d0-48eb-a786-d56c51307b81", "channel": "EMAIL", "target_status": "INVITE", "result": "SUCCESS"}
{"timestamp": "2026-02-13T19:59:10.098144", "event": "status_change", "candidate_id": "7d447d0f-93d0-48eb-a786-d56c51307b81", "from": "INVITE", "to": "INVITED", "actor": "ADMIN"}
{"timestamp": "2026-02-13T19:59:10.101537", "event": "status_change", "candidate_id": "7d447d0f-93d0-48eb-a786-d56c51307b81", "from": "INVITE", "to": "INVITED", "actor": "ADMIN_PUBLIC"}
{"timestamp": "2026-02-13T19:59:12.300404", "event": "notification_sent", "candidate_id": "7d447d0f-93d0-48eb-a786-d56c51307b81", "channel": "EMAIL", "target_status": "INVITED", "result": "SUCCESS"}
{"timestamp": "2026-02-13T20:06:53.331972", "event": "status_change", "candidate_id": "87da3db5-0d89-4c1c-bd32-55d26aa3ac9b", "from": "PENDING", "to": "REVIEW", "actor": "BOT_1743337357"}
{"timestamp": "2026-02-13T20:07:47.647280", "event": "status_change", "candidate_id": "87da3db5-0d89-4c1c-bd32-55d26aa3ac9b", "from": "REVIEW", "to": "INVITED", "actor": "ADMIN"}
{"timestamp": "2026-02-13T20:07:47.651806", "event": "status_change", "candidate_id": "87da3db5-0d89-4c1c-bd32-55d26aa3ac9b", "from": "UNDER_REVIEW", "to": "INVITED", "actor": "ADMIN_PUBLIC"}
{"timestamp": "2026-02-13T20:07:50.205957", "event": "notification_sent", "candidate_id": "87da3db5-0d89-4c1c-bd32-55d26aa3ac9b", "channel": "EMAIL", "target_status": "INVITED", "result": "SUCCESS"}
{"timestamp": "2026-02-13T20:21:23.418045", "event": "status_change", "candidate_id": "2430519a-0f31-44b5-9b1d-0910456a0eb9", "from": "PENDING", "to": "INVITED", "actor": "ADMIN"}
{"timestamp": "2026-02-13T20:21:23.423119", "event": "status_change", "candidate_id": "2430519a-0f31-44b5-9b1d-0910456a0eb9", "from": "UNDER_REVIEW", "to": "INVITED", "actor": "ADMIN_PUBLIC"}
{"timestamp": "2026-02-13T20:21:26.698375", "event": "notification_sent", "candidate_id": "2430519a-0f31-44b5-9b1d-0910456a0eb9", "channel": "EMAIL", "target_status": "INVITED", "result": "SUCCESS"}
{"timestamp": "2026-02-13T20:49:40.645313", "event": "status_change", "candidate_id": "5c533a50-bd5a-4d29-b182-821d1feb1357", "from": "PENDING", "to": "INVITED", "actor": "ADMIN"}
{"timestamp": "2026-02-13T20:49:40.650647", "event": "status_change", "candidate_id": "5c533a50-bd5a-4d29-b182-821d1feb1357", "from": "UNDER_REVIEW", "to": "INVITED", "actor": "ADMIN_PUBLIC"}
{"timestamp": "2026-02-13T20:49:42.932228", "event": "notification_sent", "candidate_id": "5c533a50-bd5a-4d29-b182-821d1feb1357", "channel": "EMAIL", "target_status": "INVITED", "result": "SUCCESS"}
{"timestamp": "2026-02-13T21:12:10.044563", "event": "status_change", "candidate_id": "50892f81-b0c2-4a55-a8f0-7258b9292595", "from": "PENDING", "to": "INVITED", "actor": "ADMIN"}
{"timestamp": "2026-02-13T21:12:10.050307", "event": "status_change", "candidate_id": "50892f81-b0c2-4a55-a8f0-7258b9292595", "from": "UNDER_REVIEW", "to": "INVITED", "actor": "ADMIN_PUBLIC"}
{"timestamp": "2026-02-13T21:12:14.138960", "event": "notification_sent", "candidate_id": "50892f81-b0c2-4a55-a8f0-7258b9292595", "channel": "EMAIL", "target_status": "INVITED", "result": "SUCCESS"}
{"timestamp": "2026-02-13T21:12:59.191852", "event": "status_change", "candidate_id": "50892f81-b0c2-4a55-a8f0-7258b9292595", "from": "INVITED", "to": "REJECTED", "actor": "ADMIN"}
{"timestamp": "2026-02-13T21:12:59.197077", "event": "status_change", "candidate_id": "50892f81-b0c2-4a55-a8f0-7258b9292595", "from": "INVITED", "to": "REJECTED", "actor": "ADMIN_PUBLIC"}
{"timestamp": "2026-02-13T21:13:03.881280", "event": "notification_sent", "candidate_id": "50892f81-b0c2-4a55-a8f0-7258b9292595", "channel": "EMAIL", "target_status": "REJECTED", "result": "SUCCESS"}
{"timestamp": "2026-02-13T21:14:00.194792", "event": "status_change", "candidate_id": "50892f81-b0c2-4a55-a8f0-7258b9292595", "from": "REJECTED", "to": "INVITED", "actor": "ADMIN"}
{"timestamp": "2026-02-13T21:14:00.200360", "event": "status_change", "candidate_id": "50892f81-b0c2-4a55-a8f0-7258b9292595", "from": "REJECTED", "to": "INVITED", "actor": "ADMIN_PUBLIC"}
{"timestamp": "2026-02-13T21:14:02.594331", "event": "notification_sent", "candidate_id": "50892f81-b0c2-4a55-a8f0-7258b9292595", "channel": "EMAIL", "target_status": "INVITED", "result": "SUCCESS"}
{"timestamp": "2026-02-13T21:23:34.917632", "event": "status_change", "candidate_id": "26f337cb-321f-47ed-90d3-4c469a4e8916", "from": "PENDING", "to": "REJECTED", "actor": "ADMIN"}
{"timestamp": "2026-02-13T21:23:34.923283", "event": "status_change", "candidate_id": "26f337cb-321f-47ed-90d3-4c469a4e8916", "from": "UNDER_REVIEW", "to": "REJECTED", "actor": "ADMIN_PUBLIC"}
{"timestamp": "2026-02-13T21:23:37.394825", "event": "status_change", "candidate_id": "26f337cb-321f-47ed-90d3-4c469a4e8916", "from": "REJECTED", "to": "REJECTED", "actor": "ADMIN"}
{"timestamp": "2026-02-13T21:23:37.565282", "event": "notification_sent", "candidate_id": "26f337cb-321f-47ed-90d3-4c469a4e8916", "channel": "EMAIL", "target_status": "REJECTED", "result": "SUCCESS"}
{"timestamp": "2026-02-16T15:08:59.953114", "event": "status_change", "candidate_id": "0d2f6efe-3fe9-4990-a40b-a9a81ada0497", "from": "PENDING", "to": "REJECTED", "actor": "ADMIN"}
{"timestamp": "2026-02-16T15:08:59.957839", "event": "status_change", "candidate_id": "0d2f6efe-3fe9-4990-a40b-a9a81ada0497", "from": "UNDER_REVIEW", "to": "REJECTED", "actor": "ADMIN_PUBLIC"}
{"timestamp": "2026-02-16T15:09:02.486917", "event": "notification_sent", "candidate_id": "0d2f6efe-3fe9-4990-a40b-a9a81ada0497", "channel": "EMAIL", "target_status": "REJECTED", "result": "SUCCESS"}
{"timestamp": "2026-02-16T18:27:30.533363", "event": "status_change", "candidate_id": "516c280c-8563-4754-96ad-cd663b7d5f6c", "from": "PENDING", "to": "INVITED", "actor": "ADMIN"}
{"timestamp": "2026-02-16T18:27:30.537776", "event": "status_change", "candidate_id": "516c280c-8563-4754-96ad-cd663b7d5f6c", "from": "UNDER_REVIEW", "to": "INVITED", "actor": "ADMIN_PUBLIC"}
{"timestamp": "2026-02-16T18:27:33.374603", "event": "notification_sent", "candidate_id": "516c280c-8563-4754-96ad-cd663b7d5f6c", "channel": "EMAIL", "target_status": "INVITED", "result": "SUCCESS"}
{"timestamp": "2026-02-17T13:03:55.249381", "event": "status_change", "candidate_id": "12c92e2c-b265-4d54-946b-74c6faa51792", "from": "PENDING", "to": "REJECTED", "actor": "ADMIN"}
{"timestamp": "2026-02-17T13:03:55.254061", "event": "status_change", "candidate_id": "12c92e2c-b265-4d54-946b-74c6faa51792", "from": "UNDER_REVIEW", "to": "REJECTED", "actor": "ADMIN_PUBLIC"}
{"timestamp": "2026-02-17T13:03:57.426103", "event": "notification_sent", "candidate_id": "12c92e2c-b265-4d54-946b-74c6faa51792", "channel": "EMAIL", "target_status": "REJECTED", "result": "SUCCESS"}
